C51 COMPILER V9.54   DELAY                                                                 03/22/2023 07:45:44 PAGE 1   


C51 COMPILER V9.54, COMPILATION OF MODULE DELAY
OBJECT MODULE PLACED IN .\Objects\delay.obj
COMPILER INVOKED BY: D:\keil5\C51\BIN\C51.EXE delay.c OPTIMIZE(8,SPEED) BROWSE DEBUG OBJECTEXTEND PRINT(.\Listings\delay
                    -.lst) TABS(2) OBJECT(.\Objects\delay.obj)

line level    source

   1          #include <INTRINS.H>
   2          
   3          void delay(unsigned int ms)   //@11.0592MHz
   4          {
   5   1        while (ms--)
   6   1        {
   7   2      
   8   2      unsigned char i, j;
   9   2        i = 2;
  10   2        j = 199;
  11   2        
  12   2        do
  13   2        {
  14   3          while (--j);
  15   3        } while (--i);
  16   2      
  17   2      }
  18   1      }
  19          
  20          //void Delay1ms()   //@11.0592MHz
  21          //{
  22          //  unsigned char i, j;
  23          
  24          //  _nop_();
  25          //  i = 2;
  26          //  j = 199;
  27          //  do
  28          //  {
  29          //    while (--j);
  30          //  } while (--i);
  31          //}


MODULE INFORMATION:   STATIC OVERLAYABLE
   CODE SIZE        =     25    ----
   CONSTANT SIZE    =   ----    ----
   XDATA SIZE       =   ----    ----
   PDATA SIZE       =   ----    ----
   DATA SIZE        =   ----       2
   IDATA SIZE       =   ----    ----
   BIT SIZE         =   ----    ----
END OF MODULE INFORMATION.


C51 COMPILATION COMPLETE.  0 WARNING(S),  0 ERROR(S)
