C51 COMPILER V9.54   NIXIE                                                                 03/22/2023 06:44:33 PAGE 1   


C51 COMPILER V9.54, COMPILATION OF MODULE NIXIE
OBJECT MODULE PLACED IN .\Objects\nixie.obj
COMPILER INVOKED BY: D:\keil5\C51\BIN\C51.EXE nixie.c OPTIMIZE(8,SPEED) BROWSE DEBUG OBJECTEXTEND PRINT(.\Listings\nixie
                    -.lst) TABS(2) OBJECT(.\Objects\nixie.obj)

line level    source

   1          #include <REGX52.H>
   2          #include "delay.h"
   3          #define A P2_4
   4          #define B P2_3
   5          #define C P2_2
   6          
   7          
   8          unsigned char nixietable[]={0x3F,0x06,0x5B,0x4F,0x66,0x6D,0x7D,0x07,0x7F,0x6F};
   9          void nixie(unsigned char loc,num)
  10          {
  11   1        switch (loc)
  12   1      {
  13   2            case 0 :
  14   2        
  15   2              A = 0;
  16   2              B = 0;
  17   2              C = 0;
  18   2          break;
  19   2          case 1 :
  20   2              A = 0;
  21   2              B = 0;
  22   2              C = 1;
  23   2          break;  
  24   2          case 2 :
  25   2            A = 0;
  26   2              B = 1;
  27   2              C = 0;
  28   2          break;
  29   2          case 3 :
  30   2            A = 0;
  31   2              B = 1;
  32   2              C = 1;
  33   2          break;
  34   2          case 4 :
  35   2            A = 1;
  36   2              B = 0;
  37   2              C = 0;
  38   2          break;
  39   2          case 5 :
  40   2            A = 1;
  41   2              B = 0;
  42   2              C = 1;
  43   2          break;
  44   2          case 6 :
  45   2            A = 1;
  46   2              B = 1;
  47   2              C = 0;
  48   2          break;
  49   2          case 7 :
  50   2                  A = 1;
  51   2              B = 1;
  52   2              C = 1;
  53   2          break;
  54   2        
C51 COMPILER V9.54   NIXIE                                                                 03/22/2023 06:44:33 PAGE 2   

  55   2         }
  56   1        P0=nixietable[num]; 
  57   1      //  delay(1);
  58   1      //  P0=0x00;
  59   1      
  60   1      }
  61          


MODULE INFORMATION:   STATIC OVERLAYABLE
   CODE SIZE        =     91    ----
   CONSTANT SIZE    =   ----    ----
   XDATA SIZE       =   ----    ----
   PDATA SIZE       =   ----    ----
   DATA SIZE        =     10    ----
   IDATA SIZE       =   ----    ----
   BIT SIZE         =   ----    ----
END OF MODULE INFORMATION.


C51 COMPILATION COMPLETE.  0 WARNING(S),  0 ERROR(S)
