C51 COMPILER V9.54   TIMER0                                                                03/22/2023 07:45:44 PAGE 1   


C51 COMPILER V9.54, COMPILATION OF MODULE TIMER0
OBJECT MODULE PLACED IN .\Objects\timer0.obj
COMPILER INVOKED BY: D:\keil5\C51\BIN\C51.EXE timer0.c OPTIMIZE(8,SPEED) BROWSE DEBUG OBJECTEXTEND PRINT(.\Listings\time
                    -r0.lst) TABS(2) OBJECT(.\Objects\timer0.obj)

line level    source

   1          #include <REGX52.H>
   2          
   3          /**@brief 定时器0初始化，1毫秒@11.0592MHz
   4            *@param 无
   5            *@retval 无
   6            */
   7          void Timer0Init(void)   //
   8          {
   9   1        TMOD &= 0xF0;   //设置定时器模式
  10   1        TMOD |= 0x01;     //设置定时器模式
  11   1        TL0 = 0x18;   //设置定时初值
  12   1        TH0 = 0xFC;   //设置定时初值
  13   1        TF0 = 0;    //清除TF0标志
  14   1        TR0 = 1;    //定时器0开始计时
  15   1        ET0=1;//允许中断
  16   1        EA=1;//允许总中断
  17   1        PT0=0;//中断优先级
  18   1      }
  19          
  20          /*定时器中断函数模板（一秒钟）
  21            void timer0_routine() interrupt 1//中断器
  22          {   
  23              static unsigned int t0count;
  24              TL0 = 0x18;   //设置定时初值
  25            TH0 = 0xFC;   //设置定时初值
  26              t0count++;
  27              if(t0count>=1000)
  28              {
  29                t0count=0;
  30                
  31              }
  32          }
  33          */
  34          
  35          
  36          


MODULE INFORMATION:   STATIC OVERLAYABLE
   CODE SIZE        =     23    ----
   CONSTANT SIZE    =   ----    ----
   XDATA SIZE       =   ----    ----
   PDATA SIZE       =   ----    ----
   DATA SIZE        =   ----    ----
   IDATA SIZE       =   ----    ----
   BIT SIZE         =   ----    ----
END OF MODULE INFORMATION.


C51 COMPILATION COMPLETE.  0 WARNING(S),  0 ERROR(S)
